2016-11-20 18:46:25,097 - Left side ($field.size()) of '>' operation has null value at VM_global_library.vm[line 82, column 22]
2016-11-20 18:46:25,148 - Left side ($pivots.size()) of '>' operation has null value at VM_global_library.vm[line 124, column 23]
2016-11-20 18:46:26,373 - reference set is not a valid reference at top10.vm[line 15, column 22]
2016-11-20 18:46:26,373 - reference set is not a valid reference at top10.vm[line 16, column 22]
2016-11-20 18:46:26,373 - reference set is not a valid reference at top10.vm[line 17, column 22]
2016-11-20 18:46:26,377 - reference set is not a valid reference at top10.vm[line 15, column 22]
2016-11-20 18:46:26,377 - reference set is not a valid reference at top10.vm[line 16, column 22]
2016-11-20 18:46:26,378 - reference set is not a valid reference at top10.vm[line 17, column 22]
2016-11-20 18:46:26,379 - reference set is not a valid reference at top10.vm[line 15, column 22]
2016-11-20 18:46:26,379 - reference set is not a valid reference at top10.vm[line 16, column 22]
2016-11-20 18:46:26,381 - reference set is not a valid reference at top10.vm[line 17, column 22]
2016-11-20 18:46:26,381 - reference set is not a valid reference at top10.vm[line 15, column 22]
2016-11-20 18:46:26,382 - reference set is not a valid reference at top10.vm[line 16, column 22]
2016-11-20 18:46:26,382 - reference set is not a valid reference at top10.vm[line 17, column 22]
2016-11-20 18:46:26,382 - reference set is not a valid reference at top10.vm[line 15, column 22]
2016-11-20 18:46:26,382 - reference set is not a valid reference at top10.vm[line 16, column 22]
2016-11-20 18:46:26,382 - reference set is not a valid reference at top10.vm[line 17, column 22]
2016-11-20 18:46:26,383 - reference set is not a valid reference at top10.vm[line 15, column 22]
2016-11-20 18:46:26,383 - reference set is not a valid reference at top10.vm[line 16, column 22]
2016-11-20 18:46:26,383 - reference set is not a valid reference at top10.vm[line 17, column 22]
2016-11-20 18:46:26,383 - reference set is not a valid reference at top10.vm[line 15, column 22]
2016-11-20 18:46:26,383 - reference set is not a valid reference at top10.vm[line 16, column 22]
2016-11-20 18:46:26,383 - reference set is not a valid reference at top10.vm[line 17, column 22]
2016-11-20 18:46:26,384 - reference set is not a valid reference at top10.vm[line 15, column 22]
2016-11-20 18:46:26,384 - reference set is not a valid reference at top10.vm[line 16, column 22]
2016-11-20 18:46:26,384 - reference set is not a valid reference at top10.vm[line 17, column 22]
2016-11-20 18:46:26,384 - reference set is not a valid reference at top10.vm[line 15, column 22]
2016-11-20 18:46:26,384 - reference set is not a valid reference at top10.vm[line 16, column 22]
2016-11-20 18:46:26,385 - reference set is not a valid reference at top10.vm[line 17, column 22]
2016-11-20 18:46:26,385 - reference set is not a valid reference at top10.vm[line 15, column 22]
2016-11-20 18:46:26,385 - reference set is not a valid reference at top10.vm[line 16, column 22]
2016-11-20 18:46:26,386 - reference set is not a valid reference at top10.vm[line 17, column 22]
2016-11-20 18:46:26,386 - reference set is not a valid reference at top10.vm[line 15, column 22]
2016-11-20 18:46:26,386 - reference set is not a valid reference at top10.vm[line 16, column 22]
2016-11-20 18:46:26,386 - reference set is not a valid reference at top10.vm[line 17, column 22]
2016-11-20 18:46:26,387 - reference set is not a valid reference at top10.vm[line 15, column 22]
2016-11-20 18:46:26,387 - reference set is not a valid reference at top10.vm[line 16, column 22]
2016-11-20 18:46:26,387 - reference set is not a valid reference at top10.vm[line 17, column 22]
2016-11-20 18:47:14,384 - Left side ($collations.size()) of '>' operation has null value at did_you_mean.vm[line 6, column 25]
2016-11-20 18:47:14,421 - Left side ($field.size()) of '>' operation has null value at VM_global_library.vm[line 82, column 22]
2016-11-20 18:47:14,426 - Left side ($pivots.size()) of '>' operation has null value at VM_global_library.vm[line 124, column 23]
2016-11-20 18:47:46,920 - Left side ($collations.size()) of '>' operation has null value at did_you_mean.vm[line 6, column 25]
2016-11-20 18:47:46,955 - Left side ($field.size()) of '>' operation has null value at VM_global_library.vm[line 82, column 22]
2016-11-20 18:47:46,974 - Left side ($pivots.size()) of '>' operation has null value at VM_global_library.vm[line 124, column 23]
016-11-20 18:47:46,955 - Left side ($field.size()) of '>' operation has null value at VM_global_library.vm[line 82, column 22]
2016-11-20 18:47:46,955 - Left side ($field.size()) of '>' operation has null value at VM_global_library.vm[line 82, column 22]
2016-11-20 18:47:46,974 - Left side ($pivots.size()) of '>' operation has null value at VM_global_library.vm[line 124, column 23]
2016-11-20 18:47:46,974 - Left side ($pivots.size()) of '>' operation has null value at VM_global_library.vm[line 124, column 23]
2016-11-20 18:47:54,720 - Left side ($collations.size()) of '>' operation has null value at did_you_mean.vm[line 6, column 25]
2016-11-20 18:47:54,738 - Left side ($field.size()) of '>' operation has null value at VM_global_library.vm[line 82, column 22]
2016-11-20 18:47:54,742 - Left side ($pivots.size()) of '>' operation has null value at VM_global_library.vm[line 124, column 23]
2016-11-20 19:09:01,916 - Left side ($collations.size()) of '>' operation has null value at did_you_mean.vm[line 6, column 25]
2016-11-20 19:09:01,916 - Left side ($collations.size()) of '>' operation has null value at did_you_mean.vm[line 6, column 25]
2016-11-20 19:09:01,929 - Left side ($field.size()) of '>' operation has null value at VM_global_library.vm[line 82, column 22]
2016-11-20 19:09:01,929 - Left side ($field.size()) of '>' operation has null value at VM_global_library.vm[line 82, column 22]
2016-11-20 19:09:01,936 - Left side ($pivots.size()) of '>' operation has null value at VM_global_library.vm[line 124, column 23]
2016-11-20 19:09:01,936 - Left side ($pivots.size()) of '>' operation has null value at VM_global_library.vm[line 124, column 23]
2016-11-20 19:09:02,047 - reference set is not a valid reference at top10.vm[line 15, column 22]
2016-11-20 19:09:02,047 - reference set is not a valid reference at top10.vm[line 15, column 22]
2016-11-20 19:09:02,047 - reference set is not a valid reference at top10.vm[line 16, column 22]
2016-11-20 19:09:02,047 - reference set is not a valid reference at top10.vm[line 16, column 22]
2016-11-20 19:09:02,047 - reference set is not a valid reference at top10.vm[line 17, column 22]
2016-11-20 19:09:02,047 - reference set is not a valid reference at top10.vm[line 17, column 22]
2016-11-20 19:09:02,047 - reference set is not a valid reference at top10.vm[line 15, column 22]
2016-11-20 19:09:02,047 - reference set is not a valid reference at top10.vm[line 15, column 22]
2016-11-20 19:09:02,047 - reference set is not a valid reference at top10.vm[line 16, column 22]
2016-11-20 19:09:02,047 - reference set is not a valid reference at top10.vm[line 16, column 22]
2016-11-20 19:09:02,047 - reference set is not a valid reference at top10.vm[line 17, column 22]
2016-11-20 19:09:02,047 - reference set is not a valid reference at top10.vm[line 17, column 22]
2016-11-20 19:09:02,047 - reference set is not a valid reference at top10.vm[line 15, column 22]
2016-11-20 19:09:02,047 - reference set is not a valid reference at top10.vm[line 15, column 22]
2016-11-20 19:09:02,047 - reference set is not a valid reference at top10.vm[line 16, column 22]
2016-11-20 19:09:02,047 - reference set is not a valid reference at top10.vm[line 16, column 22]
2016-11-20 19:09:02,047 - reference set is not a valid reference at top10.vm[line 17, column 22]
2016-11-20 19:09:02,047 - reference set is not a valid reference at top10.vm[line 17, column 22]
2016-11-20 19:09:02,048 - reference set is not a valid reference at top10.vm[line 15, column 22]
2016-11-20 19:09:02,048 - reference set is not a valid reference at top10.vm[line 15, column 22]
2016-11-20 19:09:02,048 - reference set is not a valid reference at top10.vm[line 16, column 22]
2016-11-20 19:09:02,048 - reference set is not a valid reference at top10.vm[line 16, column 22]
2016-11-20 19:09:02,048 - reference set is not a valid reference at top10.vm[line 17, column 22]
2016-11-20 19:09:02,048 - reference set is not a valid reference at top10.vm[line 17, column 22]
2016-11-20 19:09:02,048 - reference set is not a valid reference at top10.vm[line 15, column 22]
2016-11-20 19:09:02,048 - reference set is not a valid reference at top10.vm[line 15, column 22]
2016-11-20 19:09:02,048 - reference set is not a valid reference at top10.vm[line 16, column 22]
2016-11-20 19:09:02,048 - reference set is not a valid reference at top10.vm[line 16, column 22]
2016-11-20 19:09:02,048 - reference set is not a valid reference at top10.vm[line 17, column 22]
2016-11-20 19:09:02,048 - reference set is not a valid reference at top10.vm[line 17, column 22]
2016-11-20 19:09:02,048 - reference set is not a valid reference at top10.vm[line 15, column 22]
2016-11-20 19:09:02,048 - reference set is not a valid reference at top10.vm[line 15, column 22]
2016-11-20 19:09:02,048 - reference set is not a valid reference at top10.vm[line 16, column 22]
2016-11-20 19:09:02,048 - reference set is not a valid reference at top10.vm[line 16, column 22]
2016-11-20 19:09:02,049 - reference set is not a valid reference at top10.vm[line 17, column 22]
2016-11-20 19:09:02,049 - reference set is not a valid reference at top10.vm[line 17, column 22]
2016-11-20 19:09:02,049 - reference set is not a valid reference at top10.vm[line 15, column 22]
2016-11-20 19:09:02,049 - reference set is not a valid reference at top10.vm[line 15, column 22]
2016-11-20 19:09:02,049 - reference set is not a valid reference at top10.vm[line 16, column 22]
2016-11-20 19:09:02,049 - reference set is not a valid reference at top10.vm[line 16, column 22]
2016-11-20 19:09:02,049 - reference set is not a valid reference at top10.vm[line 17, column 22]
2016-11-20 19:09:02,049 - reference set is not a valid reference at top10.vm[line 17, column 22]
2016-11-20 19:09:02,049 - reference set is not a valid reference at top10.vm[line 15, column 22]
2016-11-20 19:09:02,049 - reference set is not a valid reference at top10.vm[line 15, column 22]
2016-11-20 19:09:02,049 - reference set is not a valid reference at top10.vm[line 16, column 22]
2016-11-20 19:09:02,049 - reference set is not a valid reference at top10.vm[line 16, column 22]
2016-11-20 19:09:02,049 - reference set is not a valid reference at top10.vm[line 17, column 22]
2016-11-20 19:09:02,049 - reference set is not a valid reference at top10.vm[line 17, column 22]
2016-11-20 19:09:02,049 - reference set is not a valid reference at top10.vm[line 15, column 22]
2016-11-20 19:09:02,049 - reference set is not a valid reference at top10.vm[line 15, column 22]
2016-11-20 19:09:02,049 - reference set is not a valid reference at top10.vm[line 16, column 22]
2016-11-20 19:09:02,049 - reference set is not a valid reference at top10.vm[line 16, column 22]
2016-11-20 19:09:02,049 - reference set is not a valid reference at top10.vm[line 17, column 22]
2016-11-20 19:09:02,049 - reference set is not a valid reference at top10.vm[line 17, column 22]
2016-11-20 19:09:02,049 - reference set is not a valid reference at top10.vm[line 15, column 22]
2016-11-20 19:09:02,049 - reference set is not a valid reference at top10.vm[line 15, column 22]
2016-11-20 19:09:02,050 - reference set is not a valid reference at top10.vm[line 16, column 22]
2016-11-20 19:09:02,050 - reference set is not a valid reference at top10.vm[line 16, column 22]
2016-11-20 19:09:02,050 - reference set is not a valid reference at top10.vm[line 17, column 22]
2016-11-20 19:09:02,050 - reference set is not a valid reference at top10.vm[line 17, column 22]
2016-11-20 19:09:02,050 - reference set is not a valid reference at top10.vm[line 15, column 22]
2016-11-20 19:09:02,050 - reference set is not a valid reference at top10.vm[line 15, column 22]
2016-11-20 19:09:02,050 - reference set is not a valid reference at top10.vm[line 16, column 22]
2016-11-20 19:09:02,050 - reference set is not a valid reference at top10.vm[line 16, column 22]
2016-11-20 19:09:02,050 - reference set is not a valid reference at top10.vm[line 17, column 22]
2016-11-20 19:09:02,050 - reference set is not a valid reference at top10.vm[line 17, column 22]
2016-11-20 19:09:02,050 - reference set is not a valid reference at top10.vm[line 15, column 22]
2016-11-20 19:09:02,050 - reference set is not a valid reference at top10.vm[line 15, column 22]
2016-11-20 19:09:02,050 - reference set is not a valid reference at top10.vm[line 16, column 22]
2016-11-20 19:09:02,050 - reference set is not a valid reference at top10.vm[line 16, column 22]
2016-11-20 19:09:02,050 - reference set is not a valid reference at top10.vm[line 17, column 22]
2016-11-20 19:09:02,050 - reference set is not a valid reference at top10.vm[line 17, column 22]
2016-11-20 19:11:38,998 - Left side ($collations.size()) of '>' operation has null value at did_you_mean.vm[line 6, column 25]
2016-11-20 19:11:38,998 - Left side ($collations.size()) of '>' operation has null value at did_you_mean.vm[line 6, column 25]
2016-11-20 19:11:38,998 - Left side ($collations.size()) of '>' operation has null value at did_you_mean.vm[line 6, column 25]
2016-11-20 19:11:39,016 - Left side ($field.size()) of '>' operation has null value at VM_global_library.vm[line 82, column 22]
2016-11-20 19:11:39,016 - Left side ($field.size()) of '>' operation has null value at VM_global_library.vm[line 82, column 22]
2016-11-20 19:11:39,016 - Left side ($field.size()) of '>' operation has null value at VM_global_library.vm[line 82, column 22]
2016-11-20 19:11:39,021 - Left side ($pivots.size()) of '>' operation has null value at VM_global_library.vm[line 124, column 23]
2016-11-20 19:11:39,021 - Left side ($pivots.size()) of '>' operation has null value at VM_global_library.vm[line 124, column 23]
2016-11-20 19:11:39,021 - Left side ($pivots.size()) of '>' operation has null value at VM_global_library.vm[line 124, column 23]
2016-11-30 13:31:20,224 - Left side ($collations.size()) of '>' operation has null value at did_you_mean.vm[line 6, column 25]
2016-11-30 13:31:20,392 - Left side ($field.size()) of '>' operation has null value at VM_global_library.vm[line 82, column 22]
2016-11-30 13:31:20,428 - Left side ($pivots.size()) of '>' operation has null value at VM_global_library.vm[line 124, column 23]
2016-11-30 13:31:20,971 - reference set is not a valid reference at top10.vm[line 15, column 22]
2016-11-30 13:31:20,971 - reference set is not a valid reference at top10.vm[line 16, column 22]
2016-11-30 13:31:20,971 - reference set is not a valid reference at top10.vm[line 17, column 22]
2016-11-30 13:31:20,971 - reference set is not a valid reference at top10.vm[line 15, column 22]
2016-11-30 13:31:20,971 - reference set is not a valid reference at top10.vm[line 16, column 22]
2016-11-30 13:31:20,971 - reference set is not a valid reference at top10.vm[line 17, column 22]
2016-11-30 13:31:20,972 - reference set is not a valid reference at top10.vm[line 15, column 22]
2016-11-30 13:31:20,972 - reference set is not a valid reference at top10.vm[line 16, column 22]
2016-11-30 13:31:20,972 - reference set is not a valid reference at top10.vm[line 17, column 22]
2016-11-30 13:31:20,973 - reference set is not a valid reference at top10.vm[line 15, column 22]
2016-11-30 13:31:20,973 - reference set is not a valid reference at top10.vm[line 16, column 22]
2016-11-30 13:31:20,973 - reference set is not a valid reference at top10.vm[line 17, column 22]
2016-11-30 13:31:20,973 - reference set is not a valid reference at top10.vm[line 15, column 22]
2016-11-30 13:31:20,973 - reference set is not a valid reference at top10.vm[line 16, column 22]
2016-11-30 13:31:20,973 - reference set is not a valid reference at top10.vm[line 17, column 22]
2016-11-30 13:31:20,973 - reference set is not a valid reference at top10.vm[line 15, column 22]
2016-11-30 13:31:20,973 - reference set is not a valid reference at top10.vm[line 16, column 22]
2016-11-30 13:31:20,974 - reference set is not a valid reference at top10.vm[line 17, column 22]
2016-11-30 13:31:20,974 - reference set is not a valid reference at top10.vm[line 15, column 22]
2016-11-30 13:31:20,974 - reference set is not a valid reference at top10.vm[line 16, column 22]
2016-11-30 13:31:20,974 - reference set is not a valid reference at top10.vm[line 17, column 22]
2016-11-30 13:31:20,974 - reference set is not a valid reference at top10.vm[line 15, column 22]
2016-11-30 13:31:20,974 - reference set is not a valid reference at top10.vm[line 16, column 22]
2016-11-30 13:31:20,974 - reference set is not a valid reference at top10.vm[line 17, column 22]
2016-11-30 13:31:20,974 - reference set is not a valid reference at top10.vm[line 15, column 22]
2016-11-30 13:31:20,974 - reference set is not a valid reference at top10.vm[line 16, column 22]
2016-11-30 13:31:20,975 - reference set is not a valid reference at top10.vm[line 17, column 22]
2016-11-30 13:31:20,975 - reference set is not a valid reference at top10.vm[line 15, column 22]
2016-11-30 13:31:20,975 - reference set is not a valid reference at top10.vm[line 16, column 22]
2016-11-30 13:31:20,975 - reference set is not a valid reference at top10.vm[line 17, column 22]
2016-11-30 13:31:20,975 - reference set is not a valid reference at top10.vm[line 15, column 22]
2016-11-30 13:31:20,975 - reference set is not a valid reference at top10.vm[line 16, column 22]
2016-11-30 13:31:20,975 - reference set is not a valid reference at top10.vm[line 17, column 22]
2016-11-30 13:31:20,975 - reference set is not a valid reference at top10.vm[line 15, column 22]
2016-11-30 13:31:20,975 - reference set is not a valid reference at top10.vm[line 16, column 22]
2016-11-30 13:31:20,976 - reference set is not a valid reference at top10.vm[line 17, column 22]
2016-12-10 10:02:27,198 - Left side ($collations.size()) of '>' operation has null value at did_you_mean.vm[line 6, column 25]
2016-12-10 10:02:27,378 - Left side ($field.size()) of '>' operation has null value at VM_global_library.vm[line 82, column 22]
2016-12-10 10:02:27,430 - Left side ($pivots.size()) of '>' operation has null value at VM_global_library.vm[line 124, column 23]
2016-12-10 10:02:28,287 - reference set is not a valid reference at top10.vm[line 15, column 22]
2016-12-10 10:02:28,287 - reference set is not a valid reference at top10.vm[line 16, column 22]
2016-12-10 10:02:28,287 - reference set is not a valid reference at top10.vm[line 17, column 22]
2016-12-10 10:02:28,287 - reference set is not a valid reference at top10.vm[line 15, column 22]
2016-12-10 10:02:28,287 - reference set is not a valid reference at top10.vm[line 16, column 22]
2016-12-10 10:02:28,287 - reference set is not a valid reference at top10.vm[line 17, column 22]
2016-12-10 10:02:28,287 - reference set is not a valid reference at top10.vm[line 15, column 22]
2016-12-10 10:02:28,287 - reference set is not a valid reference at top10.vm[line 16, column 22]
2016-12-10 10:02:28,287 - reference set is not a valid reference at top10.vm[line 17, column 22]
2016-12-10 10:02:28,287 - reference set is not a valid reference at top10.vm[line 15, column 22]
2016-12-10 10:02:28,287 - reference set is not a valid reference at top10.vm[line 16, column 22]
2016-12-10 10:02:28,287 - reference set is not a valid reference at top10.vm[line 17, column 22]
2016-12-10 10:02:28,287 - reference set is not a valid reference at top10.vm[line 15, column 22]
2016-12-10 10:02:28,287 - reference set is not a valid reference at top10.vm[line 16, column 22]
2016-12-10 10:02:28,287 - reference set is not a valid reference at top10.vm[line 17, column 22]
2016-12-10 10:02:28,287 - reference set is not a valid reference at top10.vm[line 15, column 22]
2016-12-10 10:02:28,287 - reference set is not a valid reference at top10.vm[line 16, column 22]
2016-12-10 10:02:28,287 - reference set is not a valid reference at top10.vm[line 17, column 22]
2016-12-10 10:02:28,287 - reference set is not a valid reference at top10.vm[line 15, column 22]
2016-12-10 10:02:28,287 - reference set is not a valid reference at top10.vm[line 16, column 22]
2016-12-10 10:02:28,287 - reference set is not a valid reference at top10.vm[line 17, column 22]
2016-12-10 10:02:28,287 - reference set is not a valid reference at top10.vm[line 15, column 22]
2016-12-10 10:02:28,291 - reference set is not a valid reference at top10.vm[line 16, column 22]
2016-12-10 10:02:28,291 - reference set is not a valid reference at top10.vm[line 17, column 22]
2016-12-10 10:02:28,291 - reference set is not a valid reference at top10.vm[line 15, column 22]
2016-12-10 10:02:28,291 - reference set is not a valid reference at top10.vm[line 16, column 22]
2016-12-10 10:02:28,291 - reference set is not a valid reference at top10.vm[line 17, column 22]
2016-12-10 10:02:28,291 - reference set is not a valid reference at top10.vm[line 15, column 22]
2016-12-10 10:02:28,291 - reference set is not a valid reference at top10.vm[line 16, column 22]
2016-12-10 10:02:28,291 - reference set is not a valid reference at top10.vm[line 17, column 22]
2016-12-10 10:02:28,291 - reference set is not a valid reference at top10.vm[line 15, column 22]
2016-12-10 10:02:28,295 - reference set is not a valid reference at top10.vm[line 16, column 22]
2016-12-10 10:02:28,295 - reference set is not a valid reference at top10.vm[line 17, column 22]
2016-12-10 10:02:28,295 - reference set is not a valid reference at top10.vm[line 15, column 22]
2016-12-10 10:02:28,295 - reference set is not a valid reference at top10.vm[line 16, column 22]
2016-12-10 10:02:28,295 - reference set is not a valid reference at top10.vm[line 17, column 22]
2016-12-10 10:04:40,226 - Left side ($field.size()) of '>' operation has null value at VM_global_library.vm[line 82, column 22]
2016-12-10 10:04:40,226 - Left side ($field.size()) of '>' operation has null value at VM_global_library.vm[line 82, column 22]
2016-12-10 10:04:40,226 - Left side ($field.size()) of '>' operation has null value at VM_global_library.vm[line 82, column 22]
2016-12-10 10:04:40,226 - Left side ($field.size()) of '>' operation has null value at VM_global_library.vm[line 82, column 22]
2016-12-10 10:04:40,226 - Left side ($field.size()) of '>' operation has null value at VM_global_library.vm[line 82, column 22]
2016-12-10 10:04:40,242 - Left side ($pivots.size()) of '>' operation has null value at VM_global_library.vm[line 124, column 23]
2016-12-10 10:04:40,242 - Left side ($pivots.size()) of '>' operation has null value at VM_global_library.vm[line 124, column 23]
2016-12-10 10:04:40,242 - Left side ($pivots.size()) of '>' operation has null value at VM_global_library.vm[line 124, column 23]
2016-12-10 10:04:40,242 - Left side ($pivots.size()) of '>' operation has null value at VM_global_library.vm[line 124, column 23]
2016-12-10 10:04:40,242 - Left side ($pivots.size()) of '>' operation has null value at VM_global_library.vm[line 124, column 23]
2016-12-10 10:05:52,223 - Left side ($collations.size()) of '>' operation has null value at did_you_mean.vm[line 6, column 25]
2016-12-10 10:05:52,223 - Left side ($collations.size()) of '>' operation has null value at did_you_mean.vm[line 6, column 25]
2016-12-10 10:05:52,355 - Left side ($field.size()) of '>' operation has null value at VM_global_library.vm[line 82, column 22]
2016-12-10 10:05:52,355 - Left side ($field.size()) of '>' operation has null value at VM_global_library.vm[line 82, column 22]
2016-12-10 10:05:52,439 - Left side ($pivots.size()) of '>' operation has null value at VM_global_library.vm[line 124, column 23]
2016-12-10 10:05:52,439 - Left side ($pivots.size()) of '>' operation has null value at VM_global_library.vm[line 124, column 23]
2016-12-10 10:05:53,208 - reference set is not a valid reference at top10.vm[line 15, column 22]
2016-12-10 10:05:53,208 - reference set is not a valid reference at top10.vm[line 15, column 22]
2016-12-10 10:05:53,208 - reference set is not a valid reference at top10.vm[line 16, column 22]
2016-12-10 10:05:53,208 - reference set is not a valid reference at top10.vm[line 16, column 22]
2016-12-10 10:05:53,208 - reference set is not a valid reference at top10.vm[line 17, column 22]
2016-12-10 10:05:53,208 - reference set is not a valid reference at top10.vm[line 17, column 22]
2016-12-10 10:05:53,208 - reference set is not a valid reference at top10.vm[line 15, column 22]
2016-12-10 10:05:53,208 - reference set is not a valid reference at top10.vm[line 15, column 22]
2016-12-10 10:05:53,208 - reference set is not a valid reference at top10.vm[line 16, column 22]
2016-12-10 10:05:53,208 - reference set is not a valid reference at top10.vm[line 16, column 22]
2016-12-10 10:05:53,208 - reference set is not a valid reference at top10.vm[line 17, column 22]
2016-12-10 10:05:53,208 - reference set is not a valid reference at top10.vm[line 17, column 22]
2016-12-10 10:05:53,208 - reference set is not a valid reference at top10.vm[line 15, column 22]
2016-12-10 10:05:53,208 - reference set is not a valid reference at top10.vm[line 15, column 22]
2016-12-10 10:05:53,208 - reference set is not a valid reference at top10.vm[line 16, column 22]
2016-12-10 10:05:53,208 - reference set is not a valid reference at top10.vm[line 16, column 22]
2016-12-10 10:05:53,208 - reference set is not a valid reference at top10.vm[line 17, column 22]
2016-12-10 10:05:53,208 - reference set is not a valid reference at top10.vm[line 17, column 22]
2016-12-10 10:05:53,208 - reference set is not a valid reference at top10.vm[line 15, column 22]
2016-12-10 10:05:53,208 - reference set is not a valid reference at top10.vm[line 15, column 22]
2016-12-10 10:05:53,208 - reference set is not a valid reference at top10.vm[line 16, column 22]
2016-12-10 10:05:53,208 - reference set is not a valid reference at top10.vm[line 16, column 22]
2016-12-10 10:05:53,212 - reference set is not a valid reference at top10.vm[line 17, column 22]
2016-12-10 10:05:53,212 - reference set is not a valid reference at top10.vm[line 17, column 22]
2016-12-10 10:05:53,212 - reference set is not a valid reference at top10.vm[line 15, column 22]
2016-12-10 10:05:53,212 - reference set is not a valid reference at top10.vm[line 15, column 22]
2016-12-10 10:05:53,212 - reference set is not a valid reference at top10.vm[line 16, column 22]
2016-12-10 10:05:53,212 - reference set is not a valid reference at top10.vm[line 16, column 22]
2016-12-10 10:05:53,212 - reference set is not a valid reference at top10.vm[line 17, column 22]
2016-12-10 10:05:53,212 - reference set is not a valid reference at top10.vm[line 17, column 22]
2016-12-10 10:05:53,212 - reference set is not a valid reference at top10.vm[line 15, column 22]
2016-12-10 10:05:53,212 - reference set is not a valid reference at top10.vm[line 15, column 22]
2016-12-10 10:05:53,212 - reference set is not a valid reference at top10.vm[line 16, column 22]
2016-12-10 10:05:53,212 - reference set is not a valid reference at top10.vm[line 16, column 22]
2016-12-10 10:05:53,212 - reference set is not a valid reference at top10.vm[line 17, column 22]
2016-12-10 10:05:53,212 - reference set is not a valid reference at top10.vm[line 17, column 22]
2016-12-10 10:05:53,212 - reference set is not a valid reference at top10.vm[line 15, column 22]
2016-12-10 10:05:53,212 - reference set is not a valid reference at top10.vm[line 15, column 22]
2016-12-10 10:05:53,212 - reference set is not a valid reference at top10.vm[line 16, column 22]
2016-12-10 10:05:53,212 - reference set is not a valid reference at top10.vm[line 16, column 22]
2016-12-10 10:05:53,212 - reference set is not a valid reference at top10.vm[line 17, column 22]
2016-12-10 10:05:53,212 - reference set is not a valid reference at top10.vm[line 17, column 22]
2016-12-10 10:05:53,212 - reference set is not a valid reference at top10.vm[line 15, column 22]
2016-12-10 10:05:53,212 - reference set is not a valid reference at top10.vm[line 15, column 22]
2016-12-10 10:05:53,212 - reference set is not a valid reference at top10.vm[line 16, column 22]
2016-12-10 10:05:53,212 - reference set is not a valid reference at top10.vm[line 16, column 22]
2016-12-10 10:05:53,212 - reference set is not a valid reference at top10.vm[line 17, column 22]
2016-12-10 10:05:53,212 - reference set is not a valid reference at top10.vm[line 17, column 22]
2016-12-10 10:05:53,212 - reference set is not a valid reference at top10.vm[line 15, column 22]
2016-12-10 10:05:53,212 - reference set is not a valid reference at top10.vm[line 15, column 22]
2016-12-10 10:05:53,212 - reference set is not a valid reference at top10.vm[line 16, column 22]
2016-12-10 10:05:53,212 - reference set is not a valid reference at top10.vm[line 16, column 22]
2016-12-10 10:05:53,212 - reference set is not a valid reference at top10.vm[line 17, column 22]
2016-12-10 10:05:53,212 - reference set is not a valid reference at top10.vm[line 17, column 22]
2016-12-10 10:05:53,212 - reference set is not a valid reference at top10.vm[line 15, column 22]
2016-12-10 10:05:53,212 - reference set is not a valid reference at top10.vm[line 15, column 22]
2016-12-10 10:05:53,212 - reference set is not a valid reference at top10.vm[line 16, column 22]
2016-12-10 10:05:53,212 - reference set is not a valid reference at top10.vm[line 16, column 22]
2016-12-10 10:05:53,212 - reference set is not a valid reference at top10.vm[line 17, column 22]
2016-12-10 10:05:53,212 - reference set is not a valid reference at top10.vm[line 17, column 22]
2016-12-10 10:05:53,212 - reference set is not a valid reference at top10.vm[line 15, column 22]
2016-12-10 10:05:53,212 - reference set is not a valid reference at top10.vm[line 15, column 22]
2016-12-10 10:05:53,216 - reference set is not a valid reference at top10.vm[line 16, column 22]
2016-12-10 10:05:53,216 - reference set is not a valid reference at top10.vm[line 16, column 22]
2016-12-10 10:05:53,216 - reference set is not a valid reference at top10.vm[line 17, column 22]
2016-12-10 10:05:53,216 - reference set is not a valid reference at top10.vm[line 17, column 22]
2016-12-10 10:05:53,216 - reference set is not a valid reference at top10.vm[line 15, column 22]
2016-12-10 10:05:53,216 - reference set is not a valid reference at top10.vm[line 15, column 22]
2016-12-10 10:05:53,216 - reference set is not a valid reference at top10.vm[line 16, column 22]
2016-12-10 10:05:53,216 - reference set is not a valid reference at top10.vm[line 16, column 22]
2016-12-10 10:05:53,216 - reference set is not a valid reference at top10.vm[line 17, column 22]
2016-12-10 10:05:53,216 - reference set is not a valid reference at top10.vm[line 17, column 22]
2016-12-25 15:21:22,986 - Left side ($collations.size()) of '>' operation has null value at did_you_mean.vm[line 6, column 25]
2016-12-25 15:21:23,174 - Left side ($field.size()) of '>' operation has null value at VM_global_library.vm[line 82, column 22]
2016-12-25 15:21:23,217 - Left side ($pivots.size()) of '>' operation has null value at VM_global_library.vm[line 124, column 23]
2016-12-25 15:21:23,888 - reference set is not a valid reference at top10.vm[line 15, column 22]
2016-12-25 15:21:23,888 - reference set is not a valid reference at top10.vm[line 16, column 22]
2016-12-25 15:21:23,889 - reference set is not a valid reference at top10.vm[line 17, column 22]
2016-12-25 15:21:23,889 - reference set is not a valid reference at top10.vm[line 15, column 22]
2016-12-25 15:21:23,889 - reference set is not a valid reference at top10.vm[line 16, column 22]
2016-12-25 15:21:23,889 - reference set is not a valid reference at top10.vm[line 17, column 22]
2016-12-25 15:21:23,889 - reference set is not a valid reference at top10.vm[line 15, column 22]
2016-12-25 15:21:23,889 - reference set is not a valid reference at top10.vm[line 16, column 22]
2016-12-25 15:21:23,889 - reference set is not a valid reference at top10.vm[line 17, column 22]
2016-12-25 15:21:23,890 - reference set is not a valid reference at top10.vm[line 15, column 22]
2016-12-25 15:21:23,890 - reference set is not a valid reference at top10.vm[line 16, column 22]
2016-12-25 15:21:23,890 - reference set is not a valid reference at top10.vm[line 17, column 22]
2016-12-25 15:21:23,890 - reference set is not a valid reference at top10.vm[line 15, column 22]
2016-12-25 15:21:23,890 - reference set is not a valid reference at top10.vm[line 16, column 22]
2016-12-25 15:21:23,890 - reference set is not a valid reference at top10.vm[line 17, column 22]
2016-12-25 15:21:23,890 - reference set is not a valid reference at top10.vm[line 15, column 22]
2016-12-25 15:21:23,890 - reference set is not a valid reference at top10.vm[line 16, column 22]
2016-12-25 15:21:23,890 - reference set is not a valid reference at top10.vm[line 17, column 22]
2016-12-25 15:21:23,891 - reference set is not a valid reference at top10.vm[line 15, column 22]
2016-12-25 15:21:23,891 - reference set is not a valid reference at top10.vm[line 16, column 22]
2016-12-25 15:21:23,891 - reference set is not a valid reference at top10.vm[line 17, column 22]
2016-12-25 15:21:23,891 - reference set is not a valid reference at top10.vm[line 15, column 22]
2016-12-25 15:21:23,891 - reference set is not a valid reference at top10.vm[line 16, column 22]
2016-12-25 15:21:23,891 - reference set is not a valid reference at top10.vm[line 17, column 22]
2016-12-25 15:21:23,892 - reference set is not a valid reference at top10.vm[line 15, column 22]
2016-12-25 15:21:23,892 - reference set is not a valid reference at top10.vm[line 16, column 22]
2016-12-25 15:21:23,892 - reference set is not a valid reference at top10.vm[line 17, column 22]
2016-12-25 15:21:23,892 - reference set is not a valid reference at top10.vm[line 15, column 22]
2016-12-25 15:21:23,892 - reference set is not a valid reference at top10.vm[line 16, column 22]
2016-12-25 15:21:23,892 - reference set is not a valid reference at top10.vm[line 17, column 22]
2016-12-25 15:21:23,892 - reference set is not a valid reference at top10.vm[line 15, column 22]
2016-12-25 15:21:23,892 - reference set is not a valid reference at top10.vm[line 16, column 22]
2016-12-25 15:21:23,892 - reference set is not a valid reference at top10.vm[line 17, column 22]
2016-12-25 15:21:23,893 - reference set is not a valid reference at top10.vm[line 15, column 22]
2016-12-25 15:21:23,893 - reference set is not a valid reference at top10.vm[line 16, column 22]
2016-12-25 15:21:23,893 - reference set is not a valid reference at top10.vm[line 17, column 22]
2016-12-25 15:22:12,173 - Left side ($collations.size()) of '>' operation has null value at did_you_mean.vm[line 6, column 25]
2016-12-25 15:22:12,173 - Left side ($collations.size()) of '>' operation has null value at did_you_mean.vm[line 6, column 25]
2016-12-25 15:22:12,223 - Left side ($field.size()) of '>' operation has null value at VM_global_library.vm[line 82, column 22]
2016-12-25 15:22:12,223 - Left side ($field.size()) of '>' operation has null value at VM_global_library.vm[line 82, column 22]
2016-12-25 15:22:12,229 - Left side ($pivots.size()) of '>' operation has null value at VM_global_library.vm[line 124, column 23]
2016-12-25 15:22:12,229 - Left side ($pivots.size()) of '>' operation has null value at VM_global_library.vm[line 124, column 23]
2016-12-25 15:22:17,429 - Left side ($collations.size()) of '>' operation has null value at did_you_mean.vm[line 6, column 25]
2016-12-25 15:22:17,429 - Left side ($collations.size()) of '>' operation has null value at did_you_mean.vm[line 6, column 25]
2016-12-25 15:22:17,429 - Left side ($collations.size()) of '>' operation has null value at did_you_mean.vm[line 6, column 25]
2016-12-25 15:22:17,452 - Left side ($field.size()) of '>' operation has null value at VM_global_library.vm[line 82, column 22]
2016-12-25 15:22:17,452 - Left side ($field.size()) of '>' operation has null value at VM_global_library.vm[line 82, column 22]
2016-12-25 15:22:17,452 - Left side ($field.size()) of '>' operation has null value at VM_global_library.vm[line 82, column 22]
2016-12-25 15:22:17,462 - Left side ($pivots.size()) of '>' operation has null value at VM_global_library.vm[line 124, column 23]
2016-12-25 15:22:17,462 - Left side ($pivots.size()) of '>' operation has null value at VM_global_library.vm[line 124, column 23]
2016-12-25 15:22:17,462 - Left side ($pivots.size()) of '>' operation has null value at VM_global_library.vm[line 124, column 23]
2016-12-25 15:22:43,740 - Left side ($collations.size()) of '>' operation has null value at did_you_mean.vm[line 6, column 25]
2016-12-25 15:22:43,740 - Left side ($collations.size()) of '>' operation has null value at did_you_mean.vm[line 6, column 25]
2016-12-25 15:22:43,740 - Left side ($collations.size()) of '>' operation has null value at did_you_mean.vm[line 6, column 25]
2016-12-25 15:22:43,740 - Left side ($collations.size()) of '>' operation has null value at did_you_mean.vm[line 6, column 25]
2016-12-25 15:22:43,783 - Left side ($field.size()) of '>' operation has null value at VM_global_library.vm[line 82, column 22]
2016-12-25 15:22:43,783 - Left side ($field.size()) of '>' operation has null value at VM_global_library.vm[line 82, column 22]
2016-12-25 15:22:43,783 - Left side ($field.size()) of '>' operation has null value at VM_global_library.vm[line 82, column 22]
2016-12-25 15:22:43,783 - Left side ($field.size()) of '>' operation has null value at VM_global_library.vm[line 82, column 22]
2016-12-25 15:22:43,788 - Left side ($pivots.size()) of '>' operation has null value at VM_global_library.vm[line 124, column 23]
2016-12-25 15:22:43,788 - Left side ($pivots.size()) of '>' operation has null value at VM_global_library.vm[line 124, column 23]
2016-12-25 15:22:43,788 - Left side ($pivots.size()) of '>' operation has null value at VM_global_library.vm[line 124, column 23]
2016-12-25 15:22:43,788 - Left side ($pivots.size()) of '>' operation has null value at VM_global_library.vm[line 124, column 23]
2016-12-25 15:22:43,957 - reference set is not a valid reference at top10.vm[line 15, column 22]
2016-12-25 15:22:43,957 - reference set is not a valid reference at top10.vm[line 15, column 22]
2016-12-25 15:22:43,957 - reference set is not a valid reference at top10.vm[line 15, column 22]
2016-12-25 15:22:43,957 - reference set is not a valid reference at top10.vm[line 15, column 22]
2016-12-25 15:22:43,957 - reference set is not a valid reference at top10.vm[line 16, column 22]
2016-12-25 15:22:43,957 - reference set is not a valid reference at top10.vm[line 16, column 22]
2016-12-25 15:22:43,957 - reference set is not a valid reference at top10.vm[line 16, column 22]
2016-12-25 15:22:43,957 - reference set is not a valid reference at top10.vm[line 16, column 22]
2016-12-25 15:22:43,957 - reference set is not a valid reference at top10.vm[line 17, column 22]
2016-12-25 15:22:43,957 - reference set is not a valid reference at top10.vm[line 17, column 22]
2016-12-25 15:22:43,957 - reference set is not a valid reference at top10.vm[line 17, column 22]
2016-12-25 15:22:43,957 - reference set is not a valid reference at top10.vm[line 17, column 22]
2016-12-25 15:22:43,958 - reference set is not a valid reference at top10.vm[line 15, column 22]
2016-12-25 15:22:43,958 - reference set is not a valid reference at top10.vm[line 15, column 22]
2016-12-25 15:22:43,958 - reference set is not a valid reference at top10.vm[line 15, column 22]
2016-12-25 15:22:43,958 - reference set is not a valid reference at top10.vm[line 15, column 22]
2016-12-25 15:22:43,958 - reference set is not a valid reference at top10.vm[line 16, column 22]
2016-12-25 15:22:43,958 - reference set is not a valid reference at top10.vm[line 16, column 22]
2016-12-25 15:22:43,958 - reference set is not a valid reference at top10.vm[line 16, column 22]
2016-12-25 15:22:43,958 - reference set is not a valid reference at top10.vm[line 16, column 22]
2016-12-25 15:22:43,958 - reference set is not a valid reference at top10.vm[line 17, column 22]
2016-12-25 15:22:43,958 - reference set is not a valid reference at top10.vm[line 17, column 22]
2016-12-25 15:22:43,958 - reference set is not a valid reference at top10.vm[line 17, column 22]
2016-12-25 15:22:43,958 - reference set is not a valid reference at top10.vm[line 17, column 22]
2016-12-25 15:22:43,959 - reference set is not a valid reference at top10.vm[line 15, column 22]
2016-12-25 15:22:43,959 - reference set is not a valid reference at top10.vm[line 15, column 22]
2016-12-25 15:22:43,959 - reference set is not a valid reference at top10.vm[line 15, column 22]
2016-12-25 15:22:43,959 - reference set is not a valid reference at top10.vm[line 15, column 22]
2016-12-25 15:22:43,959 - reference set is not a valid reference at top10.vm[line 16, column 22]
2016-12-25 15:22:43,959 - reference set is not a valid reference at top10.vm[line 16, column 22]
2016-12-25 15:22:43,959 - reference set is not a valid reference at top10.vm[line 16, column 22]
2016-12-25 15:22:43,959 - reference set is not a valid reference at top10.vm[line 16, column 22]
2016-12-25 15:22:43,959 - reference set is not a valid reference at top10.vm[line 17, column 22]
2016-12-25 15:22:43,959 - reference set is not a valid reference at top10.vm[line 17, column 22]
2016-12-25 15:22:43,959 - reference set is not a valid reference at top10.vm[line 17, column 22]
2016-12-25 15:22:43,959 - reference set is not a valid reference at top10.vm[line 17, column 22]
2016-12-25 15:22:43,960 - reference set is not a valid reference at top10.vm[line 15, column 22]
2016-12-25 15:22:43,960 - reference set is not a valid reference at top10.vm[line 15, column 22]
2016-12-25 15:22:43,960 - reference set is not a valid reference at top10.vm[line 15, column 22]
2016-12-25 15:22:43,960 - reference set is not a valid reference at top10.vm[line 15, column 22]
2016-12-25 15:22:43,960 - reference set is not a valid reference at top10.vm[line 16, column 22]
2016-12-25 15:22:43,960 - reference set is not a valid reference at top10.vm[line 16, column 22]
2016-12-25 15:22:43,960 - reference set is not a valid reference at top10.vm[line 16, column 22]
2016-12-25 15:22:43,960 - reference set is not a valid reference at top10.vm[line 16, column 22]
2016-12-25 15:22:43,960 - reference set is not a valid reference at top10.vm[line 17, column 22]
2016-12-25 15:22:43,960 - reference set is not a valid reference at top10.vm[line 17, column 22]
2016-12-25 15:22:43,960 - reference set is not a valid reference at top10.vm[line 17, column 22]
2016-12-25 15:22:43,960 - reference set is not a valid reference at top10.vm[line 17, column 22]
2016-12-25 15:22:43,960 - reference set is not a valid reference at top10.vm[line 15, column 22]
2016-12-25 15:22:43,960 - reference set is not a valid reference at top10.vm[line 15, column 22]
2016-12-25 15:22:43,960 - reference set is not a valid reference at top10.vm[line 15, column 22]
2016-12-25 15:22:43,960 - reference set is not a valid reference at top10.vm[line 15, column 22]
2016-12-25 15:22:43,960 - reference set is not a valid reference at top10.vm[line 16, column 22]
2016-12-25 15:22:43,960 - reference set is not a valid reference at top10.vm[line 16, column 22]
2016-12-25 15:22:43,960 - reference set is not a valid reference at top10.vm[line 16, column 22]
2016-12-25 15:22:43,960 - reference set is not a valid reference at top10.vm[line 16, column 22]
2016-12-25 15:22:43,960 - reference set is not a valid reference at top10.vm[line 17, column 22]
2016-12-25 15:22:43,960 - reference set is not a valid reference at top10.vm[line 17, column 22]
2016-12-25 15:22:43,960 - reference set is not a valid reference at top10.vm[line 17, column 22]
2016-12-25 15:22:43,960 - reference set is not a valid reference at top10.vm[line 17, column 22]
2016-12-25 15:22:43,963 - reference set is not a valid reference at top10.vm[line 15, column 22]
2016-12-25 15:22:43,963 - reference set is not a valid reference at top10.vm[line 15, column 22]
2016-12-25 15:22:43,963 - reference set is not a valid reference at top10.vm[line 15, column 22]
2016-12-25 15:22:43,963 - reference set is not a valid reference at top10.vm[line 15, column 22]
2016-12-25 15:22:43,963 - reference set is not a valid reference at top10.vm[line 16, column 22]
2016-12-25 15:22:43,963 - reference set is not a valid reference at top10.vm[line 16, column 22]
2016-12-25 15:22:43,963 - reference set is not a valid reference at top10.vm[line 16, column 22]
2016-12-25 15:22:43,963 - reference set is not a valid reference at top10.vm[line 16, column 22]
2016-12-25 15:22:43,963 - reference set is not a valid reference at top10.vm[line 17, column 22]
2016-12-25 15:22:43,963 - reference set is not a valid reference at top10.vm[line 17, column 22]
2016-12-25 15:22:43,963 - reference set is not a valid reference at top10.vm[line 17, column 22]
2016-12-25 15:22:43,963 - reference set is not a valid reference at top10.vm[line 17, column 22]
2016-12-25 15:22:43,964 - reference set is not a valid reference at top10.vm[line 15, column 22]
2016-12-25 15:22:43,964 - reference set is not a valid reference at top10.vm[line 15, column 22]
2016-12-25 15:22:43,964 - reference set is not a valid reference at top10.vm[line 15, column 22]
2016-12-25 15:22:43,964 - reference set is not a valid reference at top10.vm[line 15, column 22]
2016-12-25 15:22:43,964 - reference set is not a valid reference at top10.vm[line 16, column 22]
2016-12-25 15:22:43,964 - reference set is not a valid reference at top10.vm[line 16, column 22]
2016-12-25 15:22:43,964 - reference set is not a valid reference at top10.vm[line 16, column 22]
2016-12-25 15:22:43,964 - reference set is not a valid reference at top10.vm[line 16, column 22]
2016-12-25 15:22:43,964 - reference set is not a valid reference at top10.vm[line 17, column 22]
2016-12-25 15:22:43,964 - reference set is not a valid reference at top10.vm[line 17, column 22]
2016-12-25 15:22:43,964 - reference set is not a valid reference at top10.vm[line 17, column 22]
2016-12-25 15:22:43,964 - reference set is not a valid reference at top10.vm[line 17, column 22]
2016-12-25 15:22:43,964 - reference set is not a valid reference at top10.vm[line 15, column 22]
2016-12-25 15:22:43,964 - reference set is not a valid reference at top10.vm[line 15, column 22]
2016-12-25 15:22:43,964 - reference set is not a valid reference at top10.vm[line 15, column 22]
2016-12-25 15:22:43,964 - reference set is not a valid reference at top10.vm[line 15, column 22]
2016-12-25 15:22:43,964 - reference set is not a valid reference at top10.vm[line 16, column 22]
2016-12-25 15:22:43,964 - reference set is not a valid reference at top10.vm[line 16, column 22]
2016-12-25 15:22:43,964 - reference set is not a valid reference at top10.vm[line 16, column 22]
2016-12-25 15:22:43,964 - reference set is not a valid reference at top10.vm[line 16, column 22]
2016-12-25 15:22:43,965 - reference set is not a valid reference at top10.vm[line 17, column 22]
2016-12-25 15:22:43,965 - reference set is not a valid reference at top10.vm[line 17, column 22]
2016-12-25 15:22:43,965 - reference set is not a valid reference at top10.vm[line 17, column 22]
2016-12-25 15:22:43,965 - reference set is not a valid reference at top10.vm[line 17, column 22]
2016-12-25 15:22:43,965 - reference set is not a valid reference at top10.vm[line 15, column 22]
2016-12-25 15:22:43,965 - reference set is not a valid reference at top10.vm[line 15, column 22]
2016-12-25 15:22:43,965 - reference set is not a valid reference at top10.vm[line 15, column 22]
2016-12-25 15:22:43,965 - reference set is not a valid reference at top10.vm[line 15, column 22]
2016-12-25 15:22:43,965 - reference set is not a valid reference at top10.vm[line 16, column 22]
2016-12-25 15:22:43,965 - reference set is not a valid reference at top10.vm[line 16, column 22]
2016-12-25 15:22:43,965 - reference set is not a valid reference at top10.vm[line 16, column 22]
2016-12-25 15:22:43,965 - reference set is not a valid reference at top10.vm[line 16, column 22]
2016-12-25 15:22:43,966 - reference set is not a valid reference at top10.vm[line 17, column 22]
2016-12-25 15:22:43,966 - reference set is not a valid reference at top10.vm[line 17, column 22]
2016-12-25 15:22:43,966 - reference set is not a valid reference at top10.vm[line 17, column 22]
2016-12-25 15:22:43,966 - reference set is not a valid reference at top10.vm[line 17, column 22]
2016-12-25 15:22:43,966 - reference set is not a valid reference at top10.vm[line 15, column 22]
2016-12-25 15:22:43,966 - reference set is not a valid reference at top10.vm[line 15, column 22]
2016-12-25 15:22:43,966 - reference set is not a valid reference at top10.vm[line 15, column 22]
2016-12-25 15:22:43,966 - reference set is not a valid reference at top10.vm[line 15, column 22]
2016-12-25 15:22:43,966 - reference set is not a valid reference at top10.vm[line 16, column 22]
2016-12-25 15:22:43,966 - reference set is not a valid reference at top10.vm[line 16, column 22]
2016-12-25 15:22:43,966 - reference set is not a valid reference at top10.vm[line 16, column 22]
2016-12-25 15:22:43,966 - reference set is not a valid reference at top10.vm[line 16, column 22]
2016-12-25 15:22:43,966 - reference set is not a valid reference at top10.vm[line 17, column 22]
2016-12-25 15:22:43,966 - reference set is not a valid reference at top10.vm[line 17, column 22]
2016-12-25 15:22:43,966 - reference set is not a valid reference at top10.vm[line 17, column 22]
2016-12-25 15:22:43,966 - reference set is not a valid reference at top10.vm[line 17, column 22]
2016-12-25 15:22:43,967 - reference set is not a valid reference at top10.vm[line 15, column 22]
2016-12-25 15:22:43,967 - reference set is not a valid reference at top10.vm[line 15, column 22]
2016-12-25 15:22:43,967 - reference set is not a valid reference at top10.vm[line 15, column 22]
2016-12-25 15:22:43,967 - reference set is not a valid reference at top10.vm[line 15, column 22]
2016-12-25 15:22:43,967 - reference set is not a valid reference at top10.vm[line 16, column 22]
2016-12-25 15:22:43,967 - reference set is not a valid reference at top10.vm[line 16, column 22]
2016-12-25 15:22:43,967 - reference set is not a valid reference at top10.vm[line 16, column 22]
2016-12-25 15:22:43,967 - reference set is not a valid reference at top10.vm[line 16, column 22]
2016-12-25 15:22:43,967 - reference set is not a valid reference at top10.vm[line 17, column 22]
2016-12-25 15:22:43,967 - reference set is not a valid reference at top10.vm[line 17, column 22]
2016-12-25 15:22:43,967 - reference set is not a valid reference at top10.vm[line 17, column 22]
2016-12-25 15:22:43,967 - reference set is not a valid reference at top10.vm[line 17, column 22]
2016-12-25 15:22:43,968 - reference set is not a valid reference at top10.vm[line 15, column 22]
2016-12-25 15:22:43,968 - reference set is not a valid reference at top10.vm[line 15, column 22]
2016-12-25 15:22:43,968 - reference set is not a valid reference at top10.vm[line 15, column 22]
2016-12-25 15:22:43,968 - reference set is not a valid reference at top10.vm[line 15, column 22]
2016-12-25 15:22:43,968 - reference set is not a valid reference at top10.vm[line 16, column 22]
2016-12-25 15:22:43,968 - reference set is not a valid reference at top10.vm[line 16, column 22]
2016-12-25 15:22:43,968 - reference set is not a valid reference at top10.vm[line 16, column 22]
2016-12-25 15:22:43,968 - reference set is not a valid reference at top10.vm[line 16, column 22]
2016-12-25 15:22:43,968 - reference set is not a valid reference at top10.vm[line 17, column 22]
2016-12-25 15:22:43,968 - reference set is not a valid reference at top10.vm[line 17, column 22]
2016-12-25 15:22:43,968 - reference set is not a valid reference at top10.vm[line 17, column 22]
2016-12-25 15:22:43,968 - reference set is not a valid reference at top10.vm[line 17, column 22]
2017-01-14 17:54:23,857 - Left side ($collations.size()) of '>' operation has null value at did_you_mean.vm[line 6, column 25]
2017-01-14 17:54:24,054 - Left side ($field.size()) of '>' operation has null value at VM_global_library.vm[line 82, column 22]
2017-01-14 17:54:24,105 - Left side ($pivots.size()) of '>' operation has null value at VM_global_library.vm[line 124, column 23]
2017-01-14 17:54:24,741 - reference set is not a valid reference at top10.vm[line 15, column 22]
2017-01-14 17:54:24,741 - reference set is not a valid reference at top10.vm[line 16, column 22]
2017-01-14 17:54:24,741 - reference set is not a valid reference at top10.vm[line 17, column 22]
2017-01-14 17:54:24,742 - reference set is not a valid reference at top10.vm[line 15, column 22]
2017-01-14 17:54:24,742 - reference set is not a valid reference at top10.vm[line 16, column 22]
2017-01-14 17:54:24,744 - reference set is not a valid reference at top10.vm[line 17, column 22]
2017-01-14 17:54:24,744 - reference set is not a valid reference at top10.vm[line 15, column 22]
2017-01-14 17:54:24,744 - reference set is not a valid reference at top10.vm[line 16, column 22]
2017-01-14 17:54:24,744 - reference set is not a valid reference at top10.vm[line 17, column 22]
2017-01-14 17:54:24,744 - reference set is not a valid reference at top10.vm[line 15, column 22]
2017-01-14 17:54:24,744 - reference set is not a valid reference at top10.vm[line 16, column 22]
2017-01-14 17:54:24,744 - reference set is not a valid reference at top10.vm[line 17, column 22]
2017-01-14 17:54:24,745 - reference set is not a valid reference at top10.vm[line 15, column 22]
2017-01-14 17:54:24,745 - reference set is not a valid reference at top10.vm[line 16, column 22]
2017-01-14 17:54:24,745 - reference set is not a valid reference at top10.vm[line 17, column 22]
2017-01-14 17:54:24,745 - reference set is not a valid reference at top10.vm[line 15, column 22]
2017-01-14 17:54:24,745 - reference set is not a valid reference at top10.vm[line 16, column 22]
2017-01-14 17:54:24,745 - reference set is not a valid reference at top10.vm[line 17, column 22]
2017-01-14 17:54:24,745 - reference set is not a valid reference at top10.vm[line 15, column 22]
2017-01-14 17:54:24,745 - reference set is not a valid reference at top10.vm[line 16, column 22]
2017-01-14 17:54:24,746 - reference set is not a valid reference at top10.vm[line 17, column 22]
2017-01-14 17:54:24,746 - reference set is not a valid reference at top10.vm[line 15, column 22]
2017-01-14 17:54:24,746 - reference set is not a valid reference at top10.vm[line 16, column 22]
2017-01-14 17:54:24,746 - reference set is not a valid reference at top10.vm[line 17, column 22]
2017-01-14 17:54:24,746 - reference set is not a valid reference at top10.vm[line 15, column 22]
2017-01-14 17:54:24,746 - reference set is not a valid reference at top10.vm[line 16, column 22]
2017-01-14 17:54:24,746 - reference set is not a valid reference at top10.vm[line 17, column 22]
2017-01-14 17:54:24,747 - reference set is not a valid reference at top10.vm[line 15, column 22]
2017-01-14 17:54:24,747 - reference set is not a valid reference at top10.vm[line 16, column 22]
2017-01-14 17:54:24,747 - reference set is not a valid reference at top10.vm[line 17, column 22]
2017-01-14 17:54:24,747 - reference set is not a valid reference at top10.vm[line 15, column 22]
2017-01-14 17:54:24,747 - reference set is not a valid reference at top10.vm[line 16, column 22]
2017-01-14 17:54:24,747 - reference set is not a valid reference at top10.vm[line 17, column 22]
2017-01-14 17:54:24,747 - reference set is not a valid reference at top10.vm[line 15, column 22]
2017-01-14 17:54:24,748 - reference set is not a valid reference at top10.vm[line 16, column 22]
2017-01-14 17:54:24,748 - reference set is not a valid reference at top10.vm[line 17, column 22]
2017-01-14 17:55:52,277 - Left side ($field.size()) of '>' operation has null value at VM_global_library.vm[line 82, column 22]
2017-01-14 17:55:52,277 - Left side ($field.size()) of '>' operation has null value at VM_global_library.vm[line 82, column 22]
2017-01-14 17:55:52,277 - Left side ($field.size()) of '>' operation has null value at VM_global_library.vm[line 82, column 22]
2017-01-14 17:55:52,277 - Left side ($field.size()) of '>' operation has null value at VM_global_library.vm[line 82, column 22]
2017-01-14 17:55:52,277 - Left side ($field.size()) of '>' operation has null value at VM_global_library.vm[line 82, column 22]
2017-01-14 17:55:52,277 - Left side ($field.size()) of '>' operation has null value at VM_global_library.vm[line 82, column 22]
2017-01-14 17:55:52,287 - Left side ($pivots.size()) of '>' operation has null value at VM_global_library.vm[line 124, column 23]
2017-01-14 17:55:52,287 - Left side ($pivots.size()) of '>' operation has null value at VM_global_library.vm[line 124, column 23]
2017-01-14 17:55:52,287 - Left side ($pivots.size()) of '>' operation has null value at VM_global_library.vm[line 124, column 23]
2017-01-14 17:55:52,287 - Left side ($pivots.size()) of '>' operation has null value at VM_global_library.vm[line 124, column 23]
2017-01-14 17:55:52,287 - Left side ($pivots.size()) of '>' operation has null value at VM_global_library.vm[line 124, column 23]
2017-01-14 17:55:52,287 - Left side ($pivots.size()) of '>' operation has null value at VM_global_library.vm[line 124, column 23]
2017-05-17 07:56:16,009 - Left side ($collations.size()) of '>' operation has null value at did_you_mean.vm[line 6, column 25]
2017-05-17 07:56:16,868 - Left side ($field.size()) of '>' operation has null value at VM_global_library.vm[line 82, column 22]
2017-05-17 07:56:17,073 - Left side ($pivots.size()) of '>' operation has null value at VM_global_library.vm[line 124, column 23]
2017-05-17 07:56:22,590 - reference set is not a valid reference at top10.vm[line 15, column 22]
2017-05-17 07:56:22,590 - reference set is not a valid reference at top10.vm[line 16, column 22]
2017-05-17 07:56:22,591 - reference set is not a valid reference at top10.vm[line 17, column 22]
2017-05-17 07:56:22,592 - reference set is not a valid reference at top10.vm[line 15, column 22]
2017-05-17 07:56:22,592 - reference set is not a valid reference at top10.vm[line 16, column 22]
2017-05-17 07:56:22,593 - reference set is not a valid reference at top10.vm[line 17, column 22]
2017-05-17 07:56:22,595 - reference set is not a valid reference at top10.vm[line 15, column 22]
2017-05-17 07:56:22,595 - reference set is not a valid reference at top10.vm[line 16, column 22]
2017-05-17 07:56:22,596 - reference set is not a valid reference at top10.vm[line 17, column 22]
2017-05-17 07:56:22,597 - reference set is not a valid reference at top10.vm[line 15, column 22]
2017-05-17 07:56:22,597 - reference set is not a valid reference at top10.vm[line 16, column 22]
2017-05-17 07:56:22,597 - reference set is not a valid reference at top10.vm[line 17, column 22]
2017-05-17 07:56:22,598 - reference set is not a valid reference at top10.vm[line 15, column 22]
2017-05-17 07:56:22,598 - reference set is not a valid reference at top10.vm[line 16, column 22]
2017-05-17 07:56:22,599 - reference set is not a valid reference at top10.vm[line 17, column 22]
2017-05-17 07:56:22,599 - reference set is not a valid reference at top10.vm[line 15, column 22]
2017-05-17 07:56:22,599 - reference set is not a valid reference at top10.vm[line 16, column 22]
2017-05-17 07:56:22,600 - reference set is not a valid reference at top10.vm[line 17, column 22]
2017-05-17 07:56:22,600 - reference set is not a valid reference at top10.vm[line 15, column 22]
2017-05-17 07:56:22,600 - reference set is not a valid reference at top10.vm[line 16, column 22]
2017-05-17 07:56:22,601 - reference set is not a valid reference at top10.vm[line 17, column 22]
2017-05-17 07:56:22,601 - reference set is not a valid reference at top10.vm[line 15, column 22]
2017-05-17 07:56:22,602 - reference set is not a valid reference at top10.vm[line 16, column 22]
2017-05-17 07:56:22,603 - reference set is not a valid reference at top10.vm[line 17, column 22]
2017-05-17 07:56:22,603 - reference set is not a valid reference at top10.vm[line 15, column 22]
2017-05-17 07:56:22,604 - reference set is not a valid reference at top10.vm[line 16, column 22]
2017-05-17 07:56:22,604 - reference set is not a valid reference at top10.vm[line 17, column 22]
2017-05-17 07:56:22,605 - reference set is not a valid reference at top10.vm[line 15, column 22]
2017-05-17 07:56:22,605 - reference set is not a valid reference at top10.vm[line 16, column 22]
2017-05-17 07:56:22,605 - reference set is not a valid reference at top10.vm[line 17, column 22]
2017-05-17 07:56:22,606 - reference set is not a valid reference at top10.vm[line 15, column 22]
2017-05-17 07:56:22,606 - reference set is not a valid reference at top10.vm[line 16, column 22]
2017-05-17 07:56:22,606 - reference set is not a valid reference at top10.vm[line 17, column 22]
2017-05-17 07:56:22,615 - reference set is not a valid reference at top10.vm[line 15, column 22]
2017-05-17 07:56:22,615 - reference set is not a valid reference at top10.vm[line 16, column 22]
2017-05-17 07:56:22,616 - reference set is not a valid reference at top10.vm[line 17, column 22]
